INFO  [2017-04-20 12:50:10,669] org.eclipse.jetty.util.log: Logging initialized @4432ms
INFO  [2017-04-20 12:50:10,975] io.dropwizard.server.DefaultServerFactory: Registering jersey handler with root path prefix: /
INFO  [2017-04-20 12:50:10,975] io.dropwizard.server.DefaultServerFactory: Registering admin handler with root path prefix: /admin
INFO  [2017-04-20 12:50:11,678] io.dashbase.service.server.BaseDashbaseApplication: loaded config: {
  "baseDir" : "/data/system",
  "indexer" : {
    "maxDocsPerSegment" : 100000,
    "maxIndexingDelayInSec" : 10,
    "useInMemBytesStore" : false,
    "tempDir" : null,
    "numIndexingThreads" : 2,
    "normalizedThreadCount" : 2
  },
  "firehose" : {
    "type" : "http",
    "clazz" : null,
    "params" : { },
    "file" : null
  },
  "retention" : {
    "numDays" : 7.0,
    "expirationHandler" : {
      "type" : null,
      "clazz" : null,
      "params" : { },
      "file" : null
    }
  },
  "cluster" : {
    "name" : "_system",
    "url" : "localhost:2181"
  },
  "server" : {
    "type" : "default",
    "maxThreads" : 1024,
    "minThreads" : 8,
    "maxQueuedRequests" : 1024,
    "idleThreadTimeout" : "1 minute",
    "nofileSoftLimit" : null,
    "nofileHardLimit" : null,
    "gid" : null,
    "uid" : null,
    "user" : null,
    "group" : null,
    "umask" : null,
    "startsAsRoot" : null,
    "registerDefaultExceptionMappers" : true,
    "shutdownGracePeriod" : "30 seconds",
    "allowedMethods" : [ "GET", "POST", "PUT", "DELETE", "HEAD", "OPTIONS", "PATCH" ],
    "applicationConnectors" : [ {
      "type" : "http",
      "port" : 9988,
      "bindHost" : null,
      "inheritChannel" : false,
      "headerCacheSize" : "512 bytes",
      "outputBufferSize" : "32 kilobytes",
      "maxRequestHeaderSize" : "8 kilobytes",
      "maxResponseHeaderSize" : "8 kilobytes",
      "inputBufferSize" : "8 kilobytes",
      "idleTimeout" : "30 seconds",
      "minBufferPoolSize" : "64 bytes",
      "bufferPoolIncrement" : "1024 bytes",
      "maxBufferPoolSize" : "64 kilobytes",
      "acceptorThreads" : 2,
      "selectorThreads" : 4,
      "acceptQueueSize" : null,
      "reuseAddress" : true,
      "soLingerTime" : null,
      "useServerHeader" : false,
      "useDateHeader" : true,
      "useForwardedHeaders" : true
    } ],
    "adminConnectors" : [ {
      "type" : "http",
      "port" : 9989,
      "bindHost" : null,
      "inheritChannel" : false,
      "headerCacheSize" : "512 bytes",
      "outputBufferSize" : "32 kilobytes",
      "maxRequestHeaderSize" : "8 kilobytes",
      "maxResponseHeaderSize" : "8 kilobytes",
      "inputBufferSize" : "8 kilobytes",
      "idleTimeout" : "30 seconds",
      "minBufferPoolSize" : "64 bytes",
      "bufferPoolIncrement" : "1024 bytes",
      "maxBufferPoolSize" : "64 kilobytes",
      "acceptorThreads" : 2,
      "selectorThreads" : 4,
      "acceptQueueSize" : null,
      "reuseAddress" : true,
      "soLingerTime" : null,
      "useServerHeader" : false,
      "useDateHeader" : true,
      "useForwardedHeaders" : true
    } ],
    "adminMaxThreads" : 64,
    "adminMinThreads" : 1,
    "applicationContextPath" : "/",
    "adminContextPath" : "/admin",
    "serverPush" : {
      "enabled" : false,
      "associatePeriod" : "4 seconds",
      "maxAssociations" : 16,
      "refererHosts" : null,
      "refererPorts" : null
    },
    "rootPath" : null,
    "requestLog" : {
      "type" : "logback-access",
      "appenders" : [ ]
    },
    "gzip" : {
      "enabled" : true,
      "minimumEntitySize" : "256 bytes",
      "bufferSize" : "8 kilobytes",
      "excludedUserAgentPatterns" : [ ],
      "compressedMimeTypes" : null,
      "includedMethods" : null,
      "deflateCompressionLevel" : -1,
      "gzipCompatibleInflation" : true
    }
  },
  "metrics" : {
    "frequency" : "1 minute",
    "reporters" : [ ]
  },
  "logging" : {
    "type" : "default",
    "level" : "INFO",
    "loggers" : { },
    "appenders" : [ {
      "type" : "file",
      "threshold" : "ALL",
      "logFormat" : null,
      "timeZone" : "UTC",
      "queueSize" : 256,
      "discardingThreshold" : -1,
      "includeCallerData" : false,
      "filterFactories" : [ ],
      "currentLogFilename" : "logs/system-monitor.log",
      "archive" : true,
      "archivedLogFilenamePattern" : "logs/system-monitor-%d.log",
      "archivedFileCount" : 9,
      "maxFileSize" : null
    } ]
  }
}
INFO  [2017-04-20 12:50:13,064] rapid.firehose.RapidFirehoseProvider: loaded firehose with name: empty
INFO  [2017-04-20 12:50:13,064] rapid.firehose.RapidFirehoseProvider: loaded firehose with name: memory
INFO  [2017-04-20 12:50:13,066] rapid.firehose.RapidFirehoseProvider: loaded firehose with name: dir
INFO  [2017-04-20 12:50:13,067] rapid.firehose.RapidFirehoseProvider: loaded firehose with name: file
INFO  [2017-04-20 12:50:13,068] rapid.firehose.RapidFirehoseProvider: loaded firehose with name: exec
INFO  [2017-04-20 12:50:13,068] rapid.firehose.RapidFirehoseProvider: loaded firehose with name: http
INFO  [2017-04-20 12:50:13,072] rapid.firehose.RapidFirehoseProvider: loaded firehose with name: elasticsearch
INFO  [2017-04-20 12:50:13,076] rapid.firehose.RapidFirehoseProvider: firehose type: type: http

INFO  [2017-04-20 12:50:13,130] rapid.clock.RapidClockProvider: using clock: class java.time.Clock$SystemClock
ERROR [2017-04-20 12:50:13,143] rapid.retention.ExpiredTimesliceHandlerProvider: handlerProvider.get() called
INFO  [2017-04-20 12:50:13,144] rapid.retention.ExpiredTimesliceHandlerProvider: loaded expired timeslice handler: class rapid.retention.ExpiredTimesliceHandlerProvider$1
INFO  [2017-04-20 12:52:29,620] org.eclipse.jetty.util.log: Logging initialized @3417ms
INFO  [2017-04-20 12:52:30,040] io.dropwizard.server.DefaultServerFactory: Registering jersey handler with root path prefix: /
INFO  [2017-04-20 12:52:30,040] io.dropwizard.server.DefaultServerFactory: Registering admin handler with root path prefix: /admin
INFO  [2017-04-20 12:52:30,431] io.dashbase.service.server.BaseDashbaseApplication: loaded config: {
  "baseDir" : "/data/system",
  "indexer" : {
    "maxDocsPerSegment" : 100000,
    "maxIndexingDelayInSec" : 10,
    "useInMemBytesStore" : false,
    "tempDir" : null,
    "numIndexingThreads" : 2,
    "normalizedThreadCount" : 2
  },
  "firehose" : {
    "type" : "http",
    "clazz" : null,
    "params" : { },
    "file" : null
  },
  "retention" : {
    "numDays" : 7.0,
    "expirationHandler" : {
      "type" : null,
      "clazz" : null,
      "params" : { },
      "file" : null
    }
  },
  "cluster" : {
    "name" : "_system",
    "url" : "localhost:2181"
  },
  "logging" : {
    "type" : "default",
    "level" : "INFO",
    "loggers" : { },
    "appenders" : [ {
      "type" : "file",
      "threshold" : "ALL",
      "logFormat" : null,
      "timeZone" : "UTC",
      "queueSize" : 256,
      "discardingThreshold" : -1,
      "includeCallerData" : false,
      "filterFactories" : [ ],
      "currentLogFilename" : "logs/system-monitor.log",
      "archive" : true,
      "archivedLogFilenamePattern" : "logs/system-monitor-%d.log",
      "archivedFileCount" : 9,
      "maxFileSize" : null
    } ]
  },
  "metrics" : {
    "frequency" : "1 minute",
    "reporters" : [ ]
  },
  "server" : {
    "type" : "default",
    "maxThreads" : 1024,
    "minThreads" : 8,
    "maxQueuedRequests" : 1024,
    "idleThreadTimeout" : "1 minute",
    "nofileSoftLimit" : null,
    "nofileHardLimit" : null,
    "gid" : null,
    "uid" : null,
    "user" : null,
    "group" : null,
    "umask" : null,
    "startsAsRoot" : null,
    "registerDefaultExceptionMappers" : true,
    "shutdownGracePeriod" : "30 seconds",
    "allowedMethods" : [ "GET", "POST", "PUT", "DELETE", "HEAD", "OPTIONS", "PATCH" ],
    "applicationConnectors" : [ {
      "type" : "http",
      "port" : 9988,
      "bindHost" : null,
      "inheritChannel" : false,
      "headerCacheSize" : "512 bytes",
      "outputBufferSize" : "32 kilobytes",
      "maxRequestHeaderSize" : "8 kilobytes",
      "maxResponseHeaderSize" : "8 kilobytes",
      "inputBufferSize" : "8 kilobytes",
      "idleTimeout" : "30 seconds",
      "minBufferPoolSize" : "64 bytes",
      "bufferPoolIncrement" : "1024 bytes",
      "maxBufferPoolSize" : "64 kilobytes",
      "acceptorThreads" : 2,
      "selectorThreads" : 4,
      "acceptQueueSize" : null,
      "reuseAddress" : true,
      "soLingerTime" : null,
      "useServerHeader" : false,
      "useDateHeader" : true,
      "useForwardedHeaders" : true
    } ],
    "adminConnectors" : [ {
      "type" : "http",
      "port" : 9989,
      "bindHost" : null,
      "inheritChannel" : false,
      "headerCacheSize" : "512 bytes",
      "outputBufferSize" : "32 kilobytes",
      "maxRequestHeaderSize" : "8 kilobytes",
      "maxResponseHeaderSize" : "8 kilobytes",
      "inputBufferSize" : "8 kilobytes",
      "idleTimeout" : "30 seconds",
      "minBufferPoolSize" : "64 bytes",
      "bufferPoolIncrement" : "1024 bytes",
      "maxBufferPoolSize" : "64 kilobytes",
      "acceptorThreads" : 2,
      "selectorThreads" : 4,
      "acceptQueueSize" : null,
      "reuseAddress" : true,
      "soLingerTime" : null,
      "useServerHeader" : false,
      "useDateHeader" : true,
      "useForwardedHeaders" : true
    } ],
    "adminMaxThreads" : 64,
    "adminMinThreads" : 1,
    "applicationContextPath" : "/",
    "adminContextPath" : "/admin",
    "serverPush" : {
      "enabled" : false,
      "associatePeriod" : "4 seconds",
      "maxAssociations" : 16,
      "refererHosts" : null,
      "refererPorts" : null
    },
    "rootPath" : null,
    "requestLog" : {
      "type" : "logback-access",
      "appenders" : [ ]
    },
    "gzip" : {
      "enabled" : true,
      "minimumEntitySize" : "256 bytes",
      "bufferSize" : "8 kilobytes",
      "excludedUserAgentPatterns" : [ ],
      "compressedMimeTypes" : null,
      "includedMethods" : null,
      "deflateCompressionLevel" : -1,
      "gzipCompatibleInflation" : true
    }
  }
}
INFO  [2017-04-20 12:52:31,825] rapid.firehose.RapidFirehoseProvider: loaded firehose with name: empty
INFO  [2017-04-20 12:52:31,826] rapid.firehose.RapidFirehoseProvider: loaded firehose with name: memory
INFO  [2017-04-20 12:52:31,828] rapid.firehose.RapidFirehoseProvider: loaded firehose with name: dir
INFO  [2017-04-20 12:52:31,829] rapid.firehose.RapidFirehoseProvider: loaded firehose with name: file
INFO  [2017-04-20 12:52:31,830] rapid.firehose.RapidFirehoseProvider: loaded firehose with name: exec
INFO  [2017-04-20 12:52:31,836] rapid.firehose.RapidFirehoseProvider: loaded firehose with name: http
INFO  [2017-04-20 12:52:31,840] rapid.firehose.RapidFirehoseProvider: loaded firehose with name: elasticsearch
INFO  [2017-04-20 12:52:31,841] rapid.firehose.RapidFirehoseProvider: firehose type: type: http

INFO  [2017-04-20 12:52:31,904] rapid.clock.RapidClockProvider: using clock: class java.time.Clock$SystemClock
ERROR [2017-04-20 12:52:32,197] rapid.retention.ExpiredTimesliceHandlerProvider: handlerProvider.get() called
INFO  [2017-04-20 12:52:32,199] rapid.retention.ExpiredTimesliceHandlerProvider: loaded expired timeslice handler: class rapid.retention.ExpiredTimesliceHandlerProvider$1
